<!DOCTYPE html>
<html>
<head>
    <title>Unittest Results</title>
    <meta charset="utf-8">
    <meta name="viewport" content="width=device-width, initial-scale=1.0">
    <link rel="stylesheet" href="https://maxcdn.bootstrapcdn.com/bootstrap/3.3.6/css/bootstrap.min.css" integrity="sha384-1q8mTJOASx8j1Au+a5WDVnPi2lkFfwwEAa8hDDdjZlpLegxhjVME1fgjWPGmkzs7" crossorigin="anonymous">
</head>
<body>
    <div class="container">
        <div class="row">
            <div class="col-xs-12">
                <h2 class="text-capitalize">Unittest Results</h2>
                <p class='attribute'><strong>Start Time: </strong>2022-10-22 10:46:42</p>
                <p class='attribute'><strong>Duration: </strong>111.98 s</p>
                <p class='attribute'><strong>Summary: </strong>Total: 2, Pass: 0, Error: 2</p>
            </div>
        </div>
        <div class="row">
            <div class="col-xs-12 col-sm-10 col-md-10">
                <table class='table table-hover table-responsive'>
                    <thead>
                        <tr>
                            <th>TestCases.Edit_customers_name_test_file.EditCustomersNameTestCase</th>
                            <th>Status</th>
                            <th></th>
                        </tr>
                    </thead>
                    <tbody>
                        <tr class='warning'>
                            <td class="col-xs-10">test_username_edit</td>
                            <td class="col-xs-1">
                                <span class="label label-warning" style="display:block;width:40px;">Error</span>
                            </td>
                            <td class="col-xs-1">
                                <button class="btn btn-default btn-xs">View</button>
                            </td>
                        </tr>
                        <tr style="display:none;">
                            <td class="col-xs-9" colspan="3"><p style="color:maroon;">NoSuchWindowException: Message: no such window: target window already closed
from unknown error: web view not found
  (Session info: chrome=106.0.5249.119)
Stacktrace:
Backtrace:
	Ordinal0 [0x0047DF13+2219795]
	Ordinal0 [0x00412841+1779777]
	Ordinal0 [0x0032423D+803389]
	Ordinal0 [0x0030C70A+706314]
	Ordinal0 [0x00371502+1119490]
	Ordinal0 [0x0037E8FA+1173754]
	Ordinal0 [0x0036E616+1107478]
	Ordinal0 [0x00347F89+950153]
	Ordinal0 [0x00348F56+954198]
	GetHandleVerifier [0x00772CB2+3040210]
	GetHandleVerifier [0x00762BB4+2974420]
	GetHandleVerifier [0x00516A0A+565546]
	GetHandleVerifier [0x00515680+560544]
	Ordinal0 [0x00419A5C+1808988]
	Ordinal0 [0x0041E3A8+1827752]
	Ordinal0 [0x0041E495+1827989]
	Ordinal0 [0x004280A4+1867940]
	BaseThreadInitThunk [0x76E76359+25]
	RtlGetAppContainerNamedObjectPath [0x77487B74+228]
	RtlGetAppContainerNamedObjectPath [0x77487B44+180]
</p><p style="color:maroon;">Traceback (most recent call last):
  File "C:\Users\Tatevik\PycharmProjects\AmazonWithSelenium\TestCases\Edit_customers_name_test_file.py", line 17, in test_username_edit
    self.signInPageObj.fast_sign_in()
  File "C:\Users\Tatevik\PycharmProjects\AmazonWithSelenium\Sources\Pages\Sign_in_page_file.py", line 36, in fast_sign_in
    self.driver.get(VariablesClass.amazonSignInURL)
  File "C:\Users\Tatevik\AppData\Local\Programs\Python\Python310\lib\site-packages\selenium\webdriver\remote\webdriver.py", line 440, in get
    self.execute(Command.GET, {'url': url})
  File "C:\Users\Tatevik\AppData\Local\Programs\Python\Python310\lib\site-packages\selenium\webdriver\remote\webdriver.py", line 428, in execute
    self.error_handler.check_response(response)
  File "C:\Users\Tatevik\AppData\Local\Programs\Python\Python310\lib\site-packages\selenium\webdriver\remote\errorhandler.py", line 243, in check_response
    raise exception_class(message, screen, stacktrace)
selenium.common.exceptions.NoSuchWindowException: Message: no such window: target window already closed
from unknown error: web view not found
  (Session info: chrome=106.0.5249.119)
Stacktrace:
Backtrace:
	Ordinal0 [0x0047DF13+2219795]
	Ordinal0 [0x00412841+1779777]
	Ordinal0 [0x0032423D+803389]
	Ordinal0 [0x0030C70A+706314]
	Ordinal0 [0x00371502+1119490]
	Ordinal0 [0x0037E8FA+1173754]
	Ordinal0 [0x0036E616+1107478]
	Ordinal0 [0x00347F89+950153]
	Ordinal0 [0x00348F56+954198]
	GetHandleVerifier [0x00772CB2+3040210]
	GetHandleVerifier [0x00762BB4+2974420]
	GetHandleVerifier [0x00516A0A+565546]
	GetHandleVerifier [0x00515680+560544]
	Ordinal0 [0x00419A5C+1808988]
	Ordinal0 [0x0041E3A8+1827752]
	Ordinal0 [0x0041E495+1827989]
	Ordinal0 [0x004280A4+1867940]
	BaseThreadInitThunk [0x76E76359+25]
	RtlGetAppContainerNamedObjectPath [0x77487B74+228]
	RtlGetAppContainerNamedObjectPath [0x77487B44+180]

</p>
                            </td>
                        </tr>
                        <tr class='warning'>
                            <td class="col-xs-10">test_username_edit</td>
                            <td class="col-xs-1">
                                <span class="label label-warning" style="display:block;width:40px;">Error</span>
                            </td>
                            <td class="col-xs-1">
                                <button class="btn btn-default btn-xs">View</button>
                            </td>
                        </tr>
                        <tr style="display:none;">
                            <td class="col-xs-9" colspan="3"><p style="color:maroon;">WebDriverException: Message: chrome not reachable
  (Session info: chrome=106.0.5249.119)
Stacktrace:
Backtrace:
	Ordinal0 [0x0047DF13+2219795]
	Ordinal0 [0x00412841+1779777]
	Ordinal0 [0x00324100+803072]
	Ordinal0 [0x00319BF2+760818]
	Ordinal0 [0x0030C220+705056]
	Ordinal0 [0x00374F05+1134341]
	Ordinal0 [0x0036E7C3+1107907]
	Ordinal0 [0x00347F89+950153]
	Ordinal0 [0x00348F56+954198]
	GetHandleVerifier [0x00772CB2+3040210]
	GetHandleVerifier [0x00762BB4+2974420]
	GetHandleVerifier [0x00516A0A+565546]
	GetHandleVerifier [0x00515680+560544]
	Ordinal0 [0x00419A5C+1808988]
	Ordinal0 [0x0041E3A8+1827752]
	Ordinal0 [0x0041E495+1827989]
	Ordinal0 [0x004280A4+1867940]
	BaseThreadInitThunk [0x76E76359+25]
	RtlGetAppContainerNamedObjectPath [0x77487B74+228]
	RtlGetAppContainerNamedObjectPath [0x77487B44+180]
</p><p style="color:maroon;">Traceback (most recent call last):
  File "C:\Users\Tatevik\PycharmProjects\AmazonWithSelenium\TestCases\Edit_customers_name_test_file.py", line 23, in tearDown
    self.driver.close()
  File "C:\Users\Tatevik\AppData\Local\Programs\Python\Python310\lib\site-packages\selenium\webdriver\remote\webdriver.py", line 550, in close
    self.execute(Command.CLOSE)
  File "C:\Users\Tatevik\AppData\Local\Programs\Python\Python310\lib\site-packages\selenium\webdriver\remote\webdriver.py", line 428, in execute
    self.error_handler.check_response(response)
  File "C:\Users\Tatevik\AppData\Local\Programs\Python\Python310\lib\site-packages\selenium\webdriver\remote\errorhandler.py", line 243, in check_response
    raise exception_class(message, screen, stacktrace)
selenium.common.exceptions.WebDriverException: Message: chrome not reachable
  (Session info: chrome=106.0.5249.119)
Stacktrace:
Backtrace:
	Ordinal0 [0x0047DF13+2219795]
	Ordinal0 [0x00412841+1779777]
	Ordinal0 [0x00324100+803072]
	Ordinal0 [0x00319BF2+760818]
	Ordinal0 [0x0030C220+705056]
	Ordinal0 [0x00374F05+1134341]
	Ordinal0 [0x0036E7C3+1107907]
	Ordinal0 [0x00347F89+950153]
	Ordinal0 [0x00348F56+954198]
	GetHandleVerifier [0x00772CB2+3040210]
	GetHandleVerifier [0x00762BB4+2974420]
	GetHandleVerifier [0x00516A0A+565546]
	GetHandleVerifier [0x00515680+560544]
	Ordinal0 [0x00419A5C+1808988]
	Ordinal0 [0x0041E3A8+1827752]
	Ordinal0 [0x0041E495+1827989]
	Ordinal0 [0x004280A4+1867940]
	BaseThreadInitThunk [0x76E76359+25]
	RtlGetAppContainerNamedObjectPath [0x77487B74+228]
	RtlGetAppContainerNamedObjectPath [0x77487B44+180]

</p>
                            </td>
                        </tr>
                        <tr>
                            <td colspan="3">
                                Total: 2, Pass: 0, Error: 2 -- Duration: 111.98 s
                            </td>
                        </tr>
                    </tbody>
                </table>
            </div>
        </div>
    </div>
    <script src="https://ajax.googleapis.com/ajax/libs/jquery/2.2.4/jquery.min.js"></script>
    <script type="text/javascript">
        $(document).ready(function(){
            $('td').on('click', '.btn', function(e){
                e.preventDefault();
                e.stopImmediatePropagation();
                var $this = $(this);
                var $nextRow = $this.closest('tr').next('tr');
                $nextRow.slideToggle("fast");
                $this.text(function(i, text){
                    if (text === 'View') {
                        return 'Hide';
                    } else {
                        return 'View';
                    };
                });
            });
        });
    </script>
</body>
</html